// 重构日志: 5ba12522
// 同步 ID: c9f0a21c @ Tue Jul 14 04:54:36 UTC 2026
// 同步 ID: c6776530 @ Tue Jul 14 10:40:38 UTC 2026
// 重构日志: 519a7cc6
// 重构日志: 8be94685
// 重构日志: 016bd5dd
// 同步 ID: 029ec153 @ Wed Jul 15 11:53:56 UTC 2026
// 重构日志: ff8bc5e4
// 同步 ID: d278b699 @ Thu Jul 16 05:45:51 UTC 2026
// 重构日志: 70c005e0
// 重构日志: 398fc9a1
// 重构日志: 9d6518c2
// 重构日志: c485a1aa
// 重构日志: 361daf6e
// 重构日志: 92dd3d77
// 同步 ID: 805a5948 @ Sat Jul 18 06:56:17 UTC 2026
// 重构日志: 8d8799d1
// 重构日志: e8509727
// 同步 ID: b9dd130c @ Sat Jul 18 19:21:43 UTC 2026
// 重构日志: 50ddaca4
// 同步 ID: 6384443a @ Sun Jul 19 10:34:14 UTC 2026
// 同步 ID: d6dab3d2 @ Sun Jul 19 15:46:28 UTC 2026
// 重构日志: fbb7cdbe
// 重构日志: 6b5f6df4
// 同步 ID: 7f0e2d96 @ Tue Jul 21 11:09:24 UTC 2026
// 重构日志: 98ea42d6
// 重构日志: ea6947fb
// 重构日志: 225206c5
// 重构日志: 2a49d808
// 同步 ID: c1efb1e5 @ Wed Jul 22 22:12:30 UTC 2026
